<?xml version="1.0" encoding="UTF-8"?>
<testsuite xmlns:xsi="http://www.w3.org/2001/XMLSchema-instance" xsi:noNamespaceSchemaLocation="https://maven.apache.org/surefire/maven-surefire-plugin/xsd/surefire-test-report.xsd" name="com.bupt.recruitmentsearch.RecruitmentsearchApplicationTests" time="9.418" tests="3" errors="0" skipped="0" failures="0">
  <properties>
    <property name="sun.desktop" value="windows"/>
    <property name="awt.toolkit" value="sun.awt.windows.WToolkit"/>
    <property name="java.specification.version" value="11"/>
    <property name="sun.cpu.isalist" value="amd64"/>
    <property name="sun.jnu.encoding" value="GBK"/>
    <property name="java.class.path" value="D:\workspace\shixn\recruitmentsearch\target\test-classes;D:\workspace\shixn\recruitmentsearch\target\classes;C:\Users\Stardust\.m2\repository\org\elasticsearch\client\elasticsearch-rest-high-level-client\7.9.3\elasticsearch-rest-high-level-client-7.9.3.jar;C:\Users\Stardust\.m2\repository\org\elasticsearch\client\elasticsearch-rest-client\7.17.3\elasticsearch-rest-client-7.17.3.jar;C:\Users\Stardust\.m2\repository\org\apache\httpcomponents\httpclient\4.5.13\httpclient-4.5.13.jar;C:\Users\Stardust\.m2\repository\org\apache\httpcomponents\httpcore\4.4.15\httpcore-4.4.15.jar;C:\Users\Stardust\.m2\repository\org\apache\httpcomponents\httpasyncclient\4.1.5\httpasyncclient-4.1.5.jar;C:\Users\Stardust\.m2\repository\org\apache\httpcomponents\httpcore-nio\4.4.15\httpcore-nio-4.4.15.jar;C:\Users\Stardust\.m2\repository\commons-codec\commons-codec\1.15\commons-codec-1.15.jar;C:\Users\Stardust\.m2\repository\org\elasticsearch\plugin\mapper-extras-client\7.9.3\mapper-extras-client-7.9.3.jar;C:\Users\Stardust\.m2\repository\org\elasticsearch\plugin\parent-join-client\7.9.3\parent-join-client-7.9.3.jar;C:\Users\Stardust\.m2\repository\org\elasticsearch\plugin\aggs-matrix-stats-client\7.9.3\aggs-matrix-stats-client-7.9.3.jar;C:\Users\Stardust\.m2\repository\org\elasticsearch\plugin\rank-eval-client\7.9.3\rank-eval-client-7.9.3.jar;C:\Users\Stardust\.m2\repository\org\elasticsearch\plugin\lang-mustache-client\7.9.3\lang-mustache-client-7.9.3.jar;C:\Users\Stardust\.m2\repository\com\github\spullara\mustache\java\compiler\0.9.6\compiler-0.9.6.jar;C:\Users\Stardust\.m2\repository\org\elasticsearch\elasticsearch\7.9.3\elasticsearch-7.9.3.jar;C:\Users\Stardust\.m2\repository\org\elasticsearch\elasticsearch-core\7.9.3\elasticsearch-core-7.9.3.jar;C:\Users\Stardust\.m2\repository\org\elasticsearch\elasticsearch-secure-sm\7.9.3\elasticsearch-secure-sm-7.9.3.jar;C:\Users\Stardust\.m2\repository\org\elasticsearch\elasticsearch-x-content\7.9.3\elasticsearch-x-content-7.9.3.jar;C:\Users\Stardust\.m2\repository\org\yaml\snakeyaml\1.30\snakeyaml-1.30.jar;C:\Users\Stardust\.m2\repository\com\fasterxml\jackson\core\jackson-core\2.13.3\jackson-core-2.13.3.jar;C:\Users\Stardust\.m2\repository\com\fasterxml\jackson\dataformat\jackson-dataformat-smile\2.13.3\jackson-dataformat-smile-2.13.3.jar;C:\Users\Stardust\.m2\repository\com\fasterxml\jackson\dataformat\jackson-dataformat-yaml\2.13.3\jackson-dataformat-yaml-2.13.3.jar;C:\Users\Stardust\.m2\repository\com\fasterxml\jackson\dataformat\jackson-dataformat-cbor\2.13.3\jackson-dataformat-cbor-2.13.3.jar;C:\Users\Stardust\.m2\repository\org\elasticsearch\elasticsearch-geo\7.9.3\elasticsearch-geo-7.9.3.jar;C:\Users\Stardust\.m2\repository\org\apache\lucene\lucene-core\8.6.2\lucene-core-8.6.2.jar;C:\Users\Stardust\.m2\repository\org\apache\lucene\lucene-analyzers-common\8.6.2\lucene-analyzers-common-8.6.2.jar;C:\Users\Stardust\.m2\repository\org\apache\lucene\lucene-backward-codecs\8.6.2\lucene-backward-codecs-8.6.2.jar;C:\Users\Stardust\.m2\repository\org\apache\lucene\lucene-grouping\8.6.2\lucene-grouping-8.6.2.jar;C:\Users\Stardust\.m2\repository\org\apache\lucene\lucene-highlighter\8.6.2\lucene-highlighter-8.6.2.jar;C:\Users\Stardust\.m2\repository\org\apache\lucene\lucene-join\8.6.2\lucene-join-8.6.2.jar;C:\Users\Stardust\.m2\repository\org\apache\lucene\lucene-memory\8.6.2\lucene-memory-8.6.2.jar;C:\Users\Stardust\.m2\repository\org\apache\lucene\lucene-misc\8.6.2\lucene-misc-8.6.2.jar;C:\Users\Stardust\.m2\repository\org\apache\lucene\lucene-queries\8.6.2\lucene-queries-8.6.2.jar;C:\Users\Stardust\.m2\repository\org\apache\lucene\lucene-queryparser\8.6.2\lucene-queryparser-8.6.2.jar;C:\Users\Stardust\.m2\repository\org\apache\lucene\lucene-sandbox\8.6.2\lucene-sandbox-8.6.2.jar;C:\Users\Stardust\.m2\repository\org\apache\lucene\lucene-spatial-extras\8.6.2\lucene-spatial-extras-8.6.2.jar;C:\Users\Stardust\.m2\repository\org\apache\lucene\lucene-spatial3d\8.6.2\lucene-spatial3d-8.6.2.jar;C:\Users\Stardust\.m2\repository\org\apache\lucene\lucene-suggest\8.6.2\lucene-suggest-8.6.2.jar;C:\Users\Stardust\.m2\repository\org\elasticsearch\elasticsearch-cli\7.9.3\elasticsearch-cli-7.9.3.jar;C:\Users\Stardust\.m2\repository\net\sf\jopt-simple\jopt-simple\5.0.2\jopt-simple-5.0.2.jar;C:\Users\Stardust\.m2\repository\com\carrotsearch\hppc\0.8.1\hppc-0.8.1.jar;C:\Users\Stardust\.m2\repository\joda-time\joda-time\2.10.4\joda-time-2.10.4.jar;C:\Users\Stardust\.m2\repository\com\tdunning\t-digest\3.2\t-digest-3.2.jar;C:\Users\Stardust\.m2\repository\org\hdrhistogram\HdrHistogram\2.1.9\HdrHistogram-2.1.9.jar;C:\Users\Stardust\.m2\repository\org\apache\logging\log4j\log4j-api\2.17.2\log4j-api-2.17.2.jar;C:\Users\Stardust\.m2\repository\org\elasticsearch\jna\5.5.0\jna-5.5.0.jar;C:\Users\Stardust\.m2\repository\org\springframework\boot\spring-boot-starter-web\2.7.0\spring-boot-starter-web-2.7.0.jar;C:\Users\Stardust\.m2\repository\org\springframework\boot\spring-boot-starter\2.7.0\spring-boot-starter-2.7.0.jar;C:\Users\Stardust\.m2\repository\org\springframework\boot\spring-boot\2.7.0\spring-boot-2.7.0.jar;C:\Users\Stardust\.m2\repository\org\springframework\boot\spring-boot-autoconfigure\2.7.0\spring-boot-autoconfigure-2.7.0.jar;C:\Users\Stardust\.m2\repository\org\springframework\boot\spring-boot-starter-logging\2.7.0\spring-boot-starter-logging-2.7.0.jar;C:\Users\Stardust\.m2\repository\ch\qos\logback\logback-classic\1.2.11\logback-classic-1.2.11.jar;C:\Users\Stardust\.m2\repository\ch\qos\logback\logback-core\1.2.11\logback-core-1.2.11.jar;C:\Users\Stardust\.m2\repository\org\apache\logging\log4j\log4j-to-slf4j\2.17.2\log4j-to-slf4j-2.17.2.jar;C:\Users\Stardust\.m2\repository\org\slf4j\jul-to-slf4j\1.7.36\jul-to-slf4j-1.7.36.jar;C:\Users\Stardust\.m2\repository\jakarta\annotation\jakarta.annotation-api\1.3.5\jakarta.annotation-api-1.3.5.jar;C:\Users\Stardust\.m2\repository\org\springframework\boot\spring-boot-starter-json\2.7.0\spring-boot-starter-json-2.7.0.jar;C:\Users\Stardust\.m2\repository\com\fasterxml\jackson\core\jackson-databind\2.13.3\jackson-databind-2.13.3.jar;C:\Users\Stardust\.m2\repository\com\fasterxml\jackson\core\jackson-annotations\2.13.3\jackson-annotations-2.13.3.jar;C:\Users\Stardust\.m2\repository\com\fasterxml\jackson\datatype\jackson-datatype-jdk8\2.13.3\jackson-datatype-jdk8-2.13.3.jar;C:\Users\Stardust\.m2\repository\com\fasterxml\jackson\datatype\jackson-datatype-jsr310\2.13.3\jackson-datatype-jsr310-2.13.3.jar;C:\Users\Stardust\.m2\repository\com\fasterxml\jackson\module\jackson-module-parameter-names\2.13.3\jackson-module-parameter-names-2.13.3.jar;C:\Users\Stardust\.m2\repository\org\springframework\boot\spring-boot-starter-tomcat\2.7.0\spring-boot-starter-tomcat-2.7.0.jar;C:\Users\Stardust\.m2\repository\org\apache\tomcat\embed\tomcat-embed-core\9.0.63\tomcat-embed-core-9.0.63.jar;C:\Users\Stardust\.m2\repository\org\apache\tomcat\embed\tomcat-embed-el\9.0.63\tomcat-embed-el-9.0.63.jar;C:\Users\Stardust\.m2\repository\org\apache\tomcat\embed\tomcat-embed-websocket\9.0.63\tomcat-embed-websocket-9.0.63.jar;C:\Users\Stardust\.m2\repository\org\springframework\spring-web\5.3.20\spring-web-5.3.20.jar;C:\Users\Stardust\.m2\repository\org\springframework\spring-beans\5.3.20\spring-beans-5.3.20.jar;C:\Users\Stardust\.m2\repository\org\springframework\spring-webmvc\5.3.20\spring-webmvc-5.3.20.jar;C:\Users\Stardust\.m2\repository\org\springframework\spring-aop\5.3.20\spring-aop-5.3.20.jar;C:\Users\Stardust\.m2\repository\org\springframework\spring-context\5.3.20\spring-context-5.3.20.jar;C:\Users\Stardust\.m2\repository\org\springframework\spring-expression\5.3.20\spring-expression-5.3.20.jar;C:\Users\Stardust\.m2\repository\org\springframework\boot\spring-boot-starter-test\2.7.0\spring-boot-starter-test-2.7.0.jar;C:\Users\Stardust\.m2\repository\org\springframework\boot\spring-boot-test\2.7.0\spring-boot-test-2.7.0.jar;C:\Users\Stardust\.m2\repository\org\springframework\boot\spring-boot-test-autoconfigure\2.7.0\spring-boot-test-autoconfigure-2.7.0.jar;C:\Users\Stardust\.m2\repository\com\jayway\jsonpath\json-path\2.7.0\json-path-2.7.0.jar;C:\Users\Stardust\.m2\repository\net\minidev\json-smart\2.4.8\json-smart-2.4.8.jar;C:\Users\Stardust\.m2\repository\net\minidev\accessors-smart\2.4.8\accessors-smart-2.4.8.jar;C:\Users\Stardust\.m2\repository\org\ow2\asm\asm\9.1\asm-9.1.jar;C:\Users\Stardust\.m2\repository\org\slf4j\slf4j-api\1.7.36\slf4j-api-1.7.36.jar;C:\Users\Stardust\.m2\repository\jakarta\xml\bind\jakarta.xml.bind-api\2.3.3\jakarta.xml.bind-api-2.3.3.jar;C:\Users\Stardust\.m2\repository\jakarta\activation\jakarta.activation-api\1.2.2\jakarta.activation-api-1.2.2.jar;C:\Users\Stardust\.m2\repository\org\assertj\assertj-core\3.22.0\assertj-core-3.22.0.jar;C:\Users\Stardust\.m2\repository\org\hamcrest\hamcrest\2.2\hamcrest-2.2.jar;C:\Users\Stardust\.m2\repository\org\junit\jupiter\junit-jupiter\5.8.2\junit-jupiter-5.8.2.jar;C:\Users\Stardust\.m2\repository\org\junit\jupiter\junit-jupiter-api\5.8.2\junit-jupiter-api-5.8.2.jar;C:\Users\Stardust\.m2\repository\org\opentest4j\opentest4j\1.2.0\opentest4j-1.2.0.jar;C:\Users\Stardust\.m2\repository\org\junit\platform\junit-platform-commons\1.8.2\junit-platform-commons-1.8.2.jar;C:\Users\Stardust\.m2\repository\org\apiguardian\apiguardian-api\1.1.2\apiguardian-api-1.1.2.jar;C:\Users\Stardust\.m2\repository\org\junit\jupiter\junit-jupiter-params\5.8.2\junit-jupiter-params-5.8.2.jar;C:\Users\Stardust\.m2\repository\org\junit\jupiter\junit-jupiter-engine\5.8.2\junit-jupiter-engine-5.8.2.jar;C:\Users\Stardust\.m2\repository\org\junit\platform\junit-platform-engine\1.8.2\junit-platform-engine-1.8.2.jar;C:\Users\Stardust\.m2\repository\org\mockito\mockito-core\4.5.1\mockito-core-4.5.1.jar;C:\Users\Stardust\.m2\repository\net\bytebuddy\byte-buddy\1.12.10\byte-buddy-1.12.10.jar;C:\Users\Stardust\.m2\repository\net\bytebuddy\byte-buddy-agent\1.12.10\byte-buddy-agent-1.12.10.jar;C:\Users\Stardust\.m2\repository\org\objenesis\objenesis\3.2\objenesis-3.2.jar;C:\Users\Stardust\.m2\repository\org\mockito\mockito-junit-jupiter\4.5.1\mockito-junit-jupiter-4.5.1.jar;C:\Users\Stardust\.m2\repository\org\skyscreamer\jsonassert\1.5.0\jsonassert-1.5.0.jar;C:\Users\Stardust\.m2\repository\com\vaadin\external\google\android-json\0.0.20131108.vaadin1\android-json-0.0.20131108.vaadin1.jar;C:\Users\Stardust\.m2\repository\org\springframework\spring-core\5.3.20\spring-core-5.3.20.jar;C:\Users\Stardust\.m2\repository\org\springframework\spring-jcl\5.3.20\spring-jcl-5.3.20.jar;C:\Users\Stardust\.m2\repository\org\springframework\spring-test\5.3.20\spring-test-5.3.20.jar;C:\Users\Stardust\.m2\repository\org\xmlunit\xmlunit-core\2.9.0\xmlunit-core-2.9.0.jar;C:\Users\Stardust\.m2\repository\com\alibaba\fastjson\1.2.28\fastjson-1.2.28.jar;"/>
    <property name="java.vm.vendor" value="Amazon.com Inc."/>
    <property name="sun.arch.data.model" value="64"/>
    <property name="user.variant" value=""/>
    <property name="java.vendor.url" value="https://aws.amazon.com/corretto/"/>
    <property name="user.timezone" value="Asia/Shanghai"/>
    <property name="java.vm.specification.version" value="11"/>
    <property name="os.name" value="Windows 10"/>
    <property name="sun.java.launcher" value="SUN_STANDARD"/>
    <property name="user.country" value="CN"/>
    <property name="sun.boot.library.path" value="C:\Users\Stardust\.jdks\corretto-11.0.15\bin"/>
    <property name="sun.java.command" value="C:\Users\Stardust\AppData\Local\Temp\surefire10777826784774490259\surefirebooter15712646329232289789.jar C:\Users\Stardust\AppData\Local\Temp\surefire10777826784774490259 2022-06-14T10-30-29_491-jvmRun1 surefire13285111259387251423tmp surefire_05363481156229649058tmp"/>
    <property name="jdk.debug" value="release"/>
    <property name="surefire.test.class.path" value="D:\workspace\shixn\recruitmentsearch\target\test-classes;D:\workspace\shixn\recruitmentsearch\target\classes;C:\Users\Stardust\.m2\repository\org\elasticsearch\client\elasticsearch-rest-high-level-client\7.9.3\elasticsearch-rest-high-level-client-7.9.3.jar;C:\Users\Stardust\.m2\repository\org\elasticsearch\client\elasticsearch-rest-client\7.17.3\elasticsearch-rest-client-7.17.3.jar;C:\Users\Stardust\.m2\repository\org\apache\httpcomponents\httpclient\4.5.13\httpclient-4.5.13.jar;C:\Users\Stardust\.m2\repository\org\apache\httpcomponents\httpcore\4.4.15\httpcore-4.4.15.jar;C:\Users\Stardust\.m2\repository\org\apache\httpcomponents\httpasyncclient\4.1.5\httpasyncclient-4.1.5.jar;C:\Users\Stardust\.m2\repository\org\apache\httpcomponents\httpcore-nio\4.4.15\httpcore-nio-4.4.15.jar;C:\Users\Stardust\.m2\repository\commons-codec\commons-codec\1.15\commons-codec-1.15.jar;C:\Users\Stardust\.m2\repository\org\elasticsearch\plugin\mapper-extras-client\7.9.3\mapper-extras-client-7.9.3.jar;C:\Users\Stardust\.m2\repository\org\elasticsearch\plugin\parent-join-client\7.9.3\parent-join-client-7.9.3.jar;C:\Users\Stardust\.m2\repository\org\elasticsearch\plugin\aggs-matrix-stats-client\7.9.3\aggs-matrix-stats-client-7.9.3.jar;C:\Users\Stardust\.m2\repository\org\elasticsearch\plugin\rank-eval-client\7.9.3\rank-eval-client-7.9.3.jar;C:\Users\Stardust\.m2\repository\org\elasticsearch\plugin\lang-mustache-client\7.9.3\lang-mustache-client-7.9.3.jar;C:\Users\Stardust\.m2\repository\com\github\spullara\mustache\java\compiler\0.9.6\compiler-0.9.6.jar;C:\Users\Stardust\.m2\repository\org\elasticsearch\elasticsearch\7.9.3\elasticsearch-7.9.3.jar;C:\Users\Stardust\.m2\repository\org\elasticsearch\elasticsearch-core\7.9.3\elasticsearch-core-7.9.3.jar;C:\Users\Stardust\.m2\repository\org\elasticsearch\elasticsearch-secure-sm\7.9.3\elasticsearch-secure-sm-7.9.3.jar;C:\Users\Stardust\.m2\repository\org\elasticsearch\elasticsearch-x-content\7.9.3\elasticsearch-x-content-7.9.3.jar;C:\Users\Stardust\.m2\repository\org\yaml\snakeyaml\1.30\snakeyaml-1.30.jar;C:\Users\Stardust\.m2\repository\com\fasterxml\jackson\core\jackson-core\2.13.3\jackson-core-2.13.3.jar;C:\Users\Stardust\.m2\repository\com\fasterxml\jackson\dataformat\jackson-dataformat-smile\2.13.3\jackson-dataformat-smile-2.13.3.jar;C:\Users\Stardust\.m2\repository\com\fasterxml\jackson\dataformat\jackson-dataformat-yaml\2.13.3\jackson-dataformat-yaml-2.13.3.jar;C:\Users\Stardust\.m2\repository\com\fasterxml\jackson\dataformat\jackson-dataformat-cbor\2.13.3\jackson-dataformat-cbor-2.13.3.jar;C:\Users\Stardust\.m2\repository\org\elasticsearch\elasticsearch-geo\7.9.3\elasticsearch-geo-7.9.3.jar;C:\Users\Stardust\.m2\repository\org\apache\lucene\lucene-core\8.6.2\lucene-core-8.6.2.jar;C:\Users\Stardust\.m2\repository\org\apache\lucene\lucene-analyzers-common\8.6.2\lucene-analyzers-common-8.6.2.jar;C:\Users\Stardust\.m2\repository\org\apache\lucene\lucene-backward-codecs\8.6.2\lucene-backward-codecs-8.6.2.jar;C:\Users\Stardust\.m2\repository\org\apache\lucene\lucene-grouping\8.6.2\lucene-grouping-8.6.2.jar;C:\Users\Stardust\.m2\repository\org\apache\lucene\lucene-highlighter\8.6.2\lucene-highlighter-8.6.2.jar;C:\Users\Stardust\.m2\repository\org\apache\lucene\lucene-join\8.6.2\lucene-join-8.6.2.jar;C:\Users\Stardust\.m2\repository\org\apache\lucene\lucene-memory\8.6.2\lucene-memory-8.6.2.jar;C:\Users\Stardust\.m2\repository\org\apache\lucene\lucene-misc\8.6.2\lucene-misc-8.6.2.jar;C:\Users\Stardust\.m2\repository\org\apache\lucene\lucene-queries\8.6.2\lucene-queries-8.6.2.jar;C:\Users\Stardust\.m2\repository\org\apache\lucene\lucene-queryparser\8.6.2\lucene-queryparser-8.6.2.jar;C:\Users\Stardust\.m2\repository\org\apache\lucene\lucene-sandbox\8.6.2\lucene-sandbox-8.6.2.jar;C:\Users\Stardust\.m2\repository\org\apache\lucene\lucene-spatial-extras\8.6.2\lucene-spatial-extras-8.6.2.jar;C:\Users\Stardust\.m2\repository\org\apache\lucene\lucene-spatial3d\8.6.2\lucene-spatial3d-8.6.2.jar;C:\Users\Stardust\.m2\repository\org\apache\lucene\lucene-suggest\8.6.2\lucene-suggest-8.6.2.jar;C:\Users\Stardust\.m2\repository\org\elasticsearch\elasticsearch-cli\7.9.3\elasticsearch-cli-7.9.3.jar;C:\Users\Stardust\.m2\repository\net\sf\jopt-simple\jopt-simple\5.0.2\jopt-simple-5.0.2.jar;C:\Users\Stardust\.m2\repository\com\carrotsearch\hppc\0.8.1\hppc-0.8.1.jar;C:\Users\Stardust\.m2\repository\joda-time\joda-time\2.10.4\joda-time-2.10.4.jar;C:\Users\Stardust\.m2\repository\com\tdunning\t-digest\3.2\t-digest-3.2.jar;C:\Users\Stardust\.m2\repository\org\hdrhistogram\HdrHistogram\2.1.9\HdrHistogram-2.1.9.jar;C:\Users\Stardust\.m2\repository\org\apache\logging\log4j\log4j-api\2.17.2\log4j-api-2.17.2.jar;C:\Users\Stardust\.m2\repository\org\elasticsearch\jna\5.5.0\jna-5.5.0.jar;C:\Users\Stardust\.m2\repository\org\springframework\boot\spring-boot-starter-web\2.7.0\spring-boot-starter-web-2.7.0.jar;C:\Users\Stardust\.m2\repository\org\springframework\boot\spring-boot-starter\2.7.0\spring-boot-starter-2.7.0.jar;C:\Users\Stardust\.m2\repository\org\springframework\boot\spring-boot\2.7.0\spring-boot-2.7.0.jar;C:\Users\Stardust\.m2\repository\org\springframework\boot\spring-boot-autoconfigure\2.7.0\spring-boot-autoconfigure-2.7.0.jar;C:\Users\Stardust\.m2\repository\org\springframework\boot\spring-boot-starter-logging\2.7.0\spring-boot-starter-logging-2.7.0.jar;C:\Users\Stardust\.m2\repository\ch\qos\logback\logback-classic\1.2.11\logback-classic-1.2.11.jar;C:\Users\Stardust\.m2\repository\ch\qos\logback\logback-core\1.2.11\logback-core-1.2.11.jar;C:\Users\Stardust\.m2\repository\org\apache\logging\log4j\log4j-to-slf4j\2.17.2\log4j-to-slf4j-2.17.2.jar;C:\Users\Stardust\.m2\repository\org\slf4j\jul-to-slf4j\1.7.36\jul-to-slf4j-1.7.36.jar;C:\Users\Stardust\.m2\repository\jakarta\annotation\jakarta.annotation-api\1.3.5\jakarta.annotation-api-1.3.5.jar;C:\Users\Stardust\.m2\repository\org\springframework\boot\spring-boot-starter-json\2.7.0\spring-boot-starter-json-2.7.0.jar;C:\Users\Stardust\.m2\repository\com\fasterxml\jackson\core\jackson-databind\2.13.3\jackson-databind-2.13.3.jar;C:\Users\Stardust\.m2\repository\com\fasterxml\jackson\core\jackson-annotations\2.13.3\jackson-annotations-2.13.3.jar;C:\Users\Stardust\.m2\repository\com\fasterxml\jackson\datatype\jackson-datatype-jdk8\2.13.3\jackson-datatype-jdk8-2.13.3.jar;C:\Users\Stardust\.m2\repository\com\fasterxml\jackson\datatype\jackson-datatype-jsr310\2.13.3\jackson-datatype-jsr310-2.13.3.jar;C:\Users\Stardust\.m2\repository\com\fasterxml\jackson\module\jackson-module-parameter-names\2.13.3\jackson-module-parameter-names-2.13.3.jar;C:\Users\Stardust\.m2\repository\org\springframework\boot\spring-boot-starter-tomcat\2.7.0\spring-boot-starter-tomcat-2.7.0.jar;C:\Users\Stardust\.m2\repository\org\apache\tomcat\embed\tomcat-embed-core\9.0.63\tomcat-embed-core-9.0.63.jar;C:\Users\Stardust\.m2\repository\org\apache\tomcat\embed\tomcat-embed-el\9.0.63\tomcat-embed-el-9.0.63.jar;C:\Users\Stardust\.m2\repository\org\apache\tomcat\embed\tomcat-embed-websocket\9.0.63\tomcat-embed-websocket-9.0.63.jar;C:\Users\Stardust\.m2\repository\org\springframework\spring-web\5.3.20\spring-web-5.3.20.jar;C:\Users\Stardust\.m2\repository\org\springframework\spring-beans\5.3.20\spring-beans-5.3.20.jar;C:\Users\Stardust\.m2\repository\org\springframework\spring-webmvc\5.3.20\spring-webmvc-5.3.20.jar;C:\Users\Stardust\.m2\repository\org\springframework\spring-aop\5.3.20\spring-aop-5.3.20.jar;C:\Users\Stardust\.m2\repository\org\springframework\spring-context\5.3.20\spring-context-5.3.20.jar;C:\Users\Stardust\.m2\repository\org\springframework\spring-expression\5.3.20\spring-expression-5.3.20.jar;C:\Users\Stardust\.m2\repository\org\springframework\boot\spring-boot-starter-test\2.7.0\spring-boot-starter-test-2.7.0.jar;C:\Users\Stardust\.m2\repository\org\springframework\boot\spring-boot-test\2.7.0\spring-boot-test-2.7.0.jar;C:\Users\Stardust\.m2\repository\org\springframework\boot\spring-boot-test-autoconfigure\2.7.0\spring-boot-test-autoconfigure-2.7.0.jar;C:\Users\Stardust\.m2\repository\com\jayway\jsonpath\json-path\2.7.0\json-path-2.7.0.jar;C:\Users\Stardust\.m2\repository\net\minidev\json-smart\2.4.8\json-smart-2.4.8.jar;C:\Users\Stardust\.m2\repository\net\minidev\accessors-smart\2.4.8\accessors-smart-2.4.8.jar;C:\Users\Stardust\.m2\repository\org\ow2\asm\asm\9.1\asm-9.1.jar;C:\Users\Stardust\.m2\repository\org\slf4j\slf4j-api\1.7.36\slf4j-api-1.7.36.jar;C:\Users\Stardust\.m2\repository\jakarta\xml\bind\jakarta.xml.bind-api\2.3.3\jakarta.xml.bind-api-2.3.3.jar;C:\Users\Stardust\.m2\repository\jakarta\activation\jakarta.activation-api\1.2.2\jakarta.activation-api-1.2.2.jar;C:\Users\Stardust\.m2\repository\org\assertj\assertj-core\3.22.0\assertj-core-3.22.0.jar;C:\Users\Stardust\.m2\repository\org\hamcrest\hamcrest\2.2\hamcrest-2.2.jar;C:\Users\Stardust\.m2\repository\org\junit\jupiter\junit-jupiter\5.8.2\junit-jupiter-5.8.2.jar;C:\Users\Stardust\.m2\repository\org\junit\jupiter\junit-jupiter-api\5.8.2\junit-jupiter-api-5.8.2.jar;C:\Users\Stardust\.m2\repository\org\opentest4j\opentest4j\1.2.0\opentest4j-1.2.0.jar;C:\Users\Stardust\.m2\repository\org\junit\platform\junit-platform-commons\1.8.2\junit-platform-commons-1.8.2.jar;C:\Users\Stardust\.m2\repository\org\apiguardian\apiguardian-api\1.1.2\apiguardian-api-1.1.2.jar;C:\Users\Stardust\.m2\repository\org\junit\jupiter\junit-jupiter-params\5.8.2\junit-jupiter-params-5.8.2.jar;C:\Users\Stardust\.m2\repository\org\junit\jupiter\junit-jupiter-engine\5.8.2\junit-jupiter-engine-5.8.2.jar;C:\Users\Stardust\.m2\repository\org\junit\platform\junit-platform-engine\1.8.2\junit-platform-engine-1.8.2.jar;C:\Users\Stardust\.m2\repository\org\mockito\mockito-core\4.5.1\mockito-core-4.5.1.jar;C:\Users\Stardust\.m2\repository\net\bytebuddy\byte-buddy\1.12.10\byte-buddy-1.12.10.jar;C:\Users\Stardust\.m2\repository\net\bytebuddy\byte-buddy-agent\1.12.10\byte-buddy-agent-1.12.10.jar;C:\Users\Stardust\.m2\repository\org\objenesis\objenesis\3.2\objenesis-3.2.jar;C:\Users\Stardust\.m2\repository\org\mockito\mockito-junit-jupiter\4.5.1\mockito-junit-jupiter-4.5.1.jar;C:\Users\Stardust\.m2\repository\org\skyscreamer\jsonassert\1.5.0\jsonassert-1.5.0.jar;C:\Users\Stardust\.m2\repository\com\vaadin\external\google\android-json\0.0.20131108.vaadin1\android-json-0.0.20131108.vaadin1.jar;C:\Users\Stardust\.m2\repository\org\springframework\spring-core\5.3.20\spring-core-5.3.20.jar;C:\Users\Stardust\.m2\repository\org\springframework\spring-jcl\5.3.20\spring-jcl-5.3.20.jar;C:\Users\Stardust\.m2\repository\org\springframework\spring-test\5.3.20\spring-test-5.3.20.jar;C:\Users\Stardust\.m2\repository\org\xmlunit\xmlunit-core\2.9.0\xmlunit-core-2.9.0.jar;C:\Users\Stardust\.m2\repository\com\alibaba\fastjson\1.2.28\fastjson-1.2.28.jar;"/>
    <property name="sun.cpu.endian" value="little"/>
    <property name="user.home" value="C:\Users\Stardust"/>
    <property name="user.language" value="zh"/>
    <property name="java.specification.vendor" value="Oracle Corporation"/>
    <property name="java.version.date" value="2022-04-19"/>
    <property name="java.home" value="C:\Users\Stardust\.jdks\corretto-11.0.15"/>
    <property name="file.separator" value="\"/>
    <property name="basedir" value="D:\workspace\shixn\recruitmentsearch"/>
    <property name="java.vm.compressedOopsMode" value="32-bit"/>
    <property name="line.separator" value="&#10;"/>
    <property name="java.specification.name" value="Java Platform API Specification"/>
    <property name="java.vm.specification.vendor" value="Oracle Corporation"/>
    <property name="java.awt.graphicsenv" value="sun.awt.Win32GraphicsEnvironment"/>
    <property name="surefire.real.class.path" value="C:\Users\Stardust\AppData\Local\Temp\surefire10777826784774490259\surefirebooter15712646329232289789.jar"/>
    <property name="user.script" value=""/>
    <property name="sun.management.compiler" value="HotSpot 64-Bit Tiered Compilers"/>
    <property name="java.runtime.version" value="11.0.15+9-LTS"/>
    <property name="user.name" value="Stardust"/>
    <property name="path.separator" value=";"/>
    <property name="os.version" value="10.0"/>
    <property name="java.runtime.name" value="OpenJDK Runtime Environment"/>
    <property name="file.encoding" value="GBK"/>
    <property name="java.vm.name" value="OpenJDK 64-Bit Server VM"/>
    <property name="java.vendor.version" value="Corretto-11.0.15.9.1"/>
    <property name="localRepository" value="C:\Users\Stardust\.m2\repository"/>
    <property name="java.vendor.url.bug" value="https://github.com/corretto/corretto-11/issues/"/>
    <property name="java.io.tmpdir" value="C:\Users\Stardust\AppData\Local\Temp\"/>
    <property name="idea.version" value="2020.3.2"/>
    <property name="java.version" value="11.0.15"/>
    <property name="user.dir" value="D:\workspace\shixn\recruitmentsearch"/>
    <property name="os.arch" value="amd64"/>
    <property name="java.vm.specification.name" value="Java Virtual Machine Specification"/>
    <property name="java.awt.printerjob" value="sun.awt.windows.WPrinterJob"/>
    <property name="sun.os.patch.level" value=""/>
    <property name="java.library.path" value="C:\Users\Stardust\.jdks\corretto-11.0.15\bin;C:\WINDOWS\Sun\Java\bin;C:\WINDOWS\system32;C:\WINDOWS;C:\Program Files\NVIDIA GPU Computing Toolkit\CUDA\v10.0\bin;C:\Program Files\NVIDIA GPU Computing Toolkit\CUDA\v10.0\libnvvp;C:\Program Files (x86)\Intel\iCLS Client\;C:\Program Files\Intel\iCLS Client\;C:\Windows\system32;C:\Windows;C:\Windows\System32\Wbem;C:\Windows\System32\WindowsPowerShell\v1.0\;C:\Program Files (x86)\Intel\Intel(R) Management Engine Components\DAL;C:\Program Files\Intel\Intel(R) Management Engine Components\DAL;C:\Program Files (x86)\Intel\Intel(R) Management Engine Components\IPT;C:\Program Files\Intel\Intel(R) Management Engine Components\IPT;C:\Program Files (x86)\NVIDIA Corporation\PhysX\Common;C:\WINDOWS\system32;C:\WINDOWS;C:\WINDOWS\System32\Wbem;C:\WINDOWS\System32\WindowsPowerShell\v1.0\;C:\WINDOWS\System32\OpenSSH\;D:\Git\cmd;D:\Python\Python39;D:\nvm;D:\nodejs;C:\Users\Stardust\.jdks\corretto-1.8.0_282\bin;C:\Users\Stardust\.jdks\corretto-1.8.0_282\jre\bin;C:\Program Files\NVIDIA Corporation\NVSMI;D:\NetSarang\Xftp 7\;D:\Anaconda3\Scripts;C:\Program Files\Google\Chrome\Application;D:\Python\Python39\Scripts\;D:\Python\Python39\;C:\Users\Stardust\AppData\Local\Microsoft\WindowsApps;D:\Bandizip\;D:\Microsoft VS Code\bin;C:\Users\Stardust\AppData\Local\Pandoc\;C:\Users\Stardust\AppData\Roaming\npm;D:\nvm;D:\nodejs;."/>
    <property name="java.vm.info" value="mixed mode"/>
    <property name="java.vendor" value="Amazon.com Inc."/>
    <property name="java.vm.version" value="11.0.15+9-LTS"/>
    <property name="sun.io.unicode.encoding" value="UnicodeLittle"/>
    <property name="java.class.version" value="55.0"/>
  </properties>
  <testcase name="searchTest" classname="com.bupt.recruitmentsearch.RecruitmentsearchApplicationTests" time="1.673"/>
  <testcase name="test" classname="com.bupt.recruitmentsearch.RecruitmentsearchApplicationTests" time="0.234"/>
  <testcase name="contextLoads" classname="com.bupt.recruitmentsearch.RecruitmentsearchApplicationTests" time="0.01"/>
</testsuite>